[    0.000000] Initializing cgroup subsys cpuset
[    0.000000] Initializing cgroup subsys cpu
[    0.000000] Initializing cgroup subsys cpuacct
[    0.000000] Linux version 4.4.0-210-generic (buildd@lgw01-amd64-009) (gcc version 5.4.0 20160609 (Ubuntu 5.4.0-6ubuntu1~16.04.12) ) #242-Ubuntu SMP Fri Apr 16 09:57:56 UTC 2021 (Ubuntu 4.4.0-210.242-generic 4.4.262)
[    0.000000] Command line: BOOT_IMAGE=/boot/vmlinuz-4.4.0-210-generic root=LABEL=cloudimg-rootfs ro console=tty1 console=ttyS0
[    0.000000] KERNEL supported cpus:
[    0.000000]   Intel GenuineIntel
[    0.000000]   AMD AuthenticAMD
[    0.000000]   Centaur CentaurHauls
[    0.000000] [Firmware Bug]: TSC doesn't count with P0 frequency!
[    0.000000] x86/fpu: xstate_offset[2]:  576, xstate_sizes[2]:  256
[    0.000000] x86/fpu: Supporting XSAVE feature 0x01: 'x87 floating point registers'
[    0.000000] x86/fpu: Supporting XSAVE feature 0x02: 'SSE registers'
[    0.000000] x86/fpu: Supporting XSAVE feature 0x04: 'AVX registers'
[    0.000000] x86/fpu: Enabled xstate features 0x7, context size is 832 bytes, using 'standard' format.
[    0.000000] e820: BIOS-provided physical RAM map:
[    0.000000] BIOS-e820: [mem 0x0000000000000000-0x000000000009fbff] usable
[    0.000000] BIOS-e820: [mem 0x000000000009fc00-0x000000000009ffff] reserved
[    0.000000] BIOS-e820: [mem 0x00000000000f0000-0x00000000000fffff] reserved
[    0.000000] BIOS-e820: [mem 0x0000000000100000-0x000000003ffeffff] usable
[    0.000000] BIOS-e820: [mem 0x000000003fff0000-0x000000003fffffff] ACPI data
[    0.000000] BIOS-e820: [mem 0x00000000fec00000-0x00000000fec00fff] reserved
[    0.000000] BIOS-e820: [mem 0x00000000fee00000-0x00000000fee00fff] reserved
[    0.000000] BIOS-e820: [mem 0x00000000fffc0000-0x00000000ffffffff] reserved
[    0.000000] NX (Execute Disable) protection: active
[    0.000000] SMBIOS 2.5 present.
[    0.000000] Hypervisor detected: KVM
[    0.000000] Kernel/User page tables isolation: disabled
[    0.000000] e820: last_pfn = 0x3fff0 max_arch_pfn = 0x400000000
[    0.000000] MTRR: Disabled
[    0.000000] x86/PAT: MTRRs disabled, skipping PAT initialization too.
[    0.000000] CPU MTRRs all blank - virtualized system.
[    0.000000] x86/PAT: Configuration [0-7]: WB  WT  UC- UC  WB  WT  UC- UC  
[    0.000000] found SMP MP-table at [mem 0x0009fff0-0x0009ffff] mapped at [ffff88000009fff0]
[    0.000000] Scanning 1 areas for low memory corruption
[    0.000000] RAMDISK: [mem 0x362dc000-0x37165fff]
[    0.000000] ACPI: Early table checksum verification disabled
[    0.000000] ACPI: RSDP 0x00000000000E0000 000024 (v02 VBOX  )
[    0.000000] ACPI: XSDT 0x000000003FFF0030 00003C (v01 VBOX   VBOXXSDT 00000001 ASL  00000061)
[    0.000000] ACPI: FACP 0x000000003FFF00F0 0000F4 (v04 VBOX   VBOXFACP 00000001 ASL  00000061)
[    0.000000] ACPI: DSDT 0x000000003FFF0610 002353 (v02 VBOX   VBOXBIOS 00000002 INTL 20190509)
[    0.000000] ACPI: FACS 0x000000003FFF0200 000040
[    0.000000] ACPI: FACS 0x000000003FFF0200 000040
[    0.000000] ACPI: APIC 0x000000003FFF0240 00005C (v02 VBOX   VBOXAPIC 00000001 ASL  00000061)
[    0.000000] ACPI: SSDT 0x000000003FFF02A0 00036C (v01 VBOX   VBOXCPUT 00000002 INTL 20190509)
[    0.000000] No NUMA configuration found
[    0.000000] Faking a node at [mem 0x0000000000000000-0x000000003ffeffff]
[    0.000000] NODE_DATA(0) allocated [mem 0x3ffeb000-0x3ffeffff]
[    0.000000] kvm-clock: Using msrs 4b564d01 and 4b564d00
[    0.000000] kvm-clock: cpu 0, msr 0:3ffe3001, primary cpu clock
[    0.000000] kvm-clock: using sched offset of 3044640306 cycles
[    0.000000] clocksource: kvm-clock: mask: 0xffffffffffffffff max_cycles: 0x1cd42e4dffb, max_idle_ns: 881590591483 ns
[    0.000000] Zone ranges:
[    0.000000]   DMA      [mem 0x0000000000001000-0x0000000000ffffff]
[    0.000000]   DMA32    [mem 0x0000000001000000-0x000000003ffeffff]
[    0.000000]   Normal   empty
[    0.000000]   Device   empty
[    0.000000] Movable zone start for each node
[    0.000000] Early memory node ranges
[    0.000000]   node   0: [mem 0x0000000000001000-0x000000000009efff]
[    0.000000]   node   0: [mem 0x0000000000100000-0x000000003ffeffff]
[    0.000000] Initmem setup node 0 [mem 0x0000000000001000-0x000000003ffeffff]
[    0.000000] ACPI: PM-Timer IO Port: 0x4008
[    0.000000] IOAPIC[0]: apic_id 2, version 32, address 0xfec00000, GSI 0-23
[    0.000000] ACPI: INT_SRC_OVR (bus 0 bus_irq 0 global_irq 2 dfl dfl)
[    0.000000] ACPI: INT_SRC_OVR (bus 0 bus_irq 9 global_irq 9 low level)
[    0.000000] Using ACPI (MADT) for SMP configuration information
[    0.000000] smpboot: Allowing 2 CPUs, 0 hotplug CPUs
[    0.000000] PM: Registered nosave memory: [mem 0x00000000-0x00000fff]
[    0.000000] PM: Registered nosave memory: [mem 0x0009f000-0x0009ffff]
[    0.000000] PM: Registered nosave memory: [mem 0x000a0000-0x000effff]
[    0.000000] PM: Registered nosave memory: [mem 0x000f0000-0x000fffff]
[    0.000000] e820: [mem 0x40000000-0xfebfffff] available for PCI devices
[    0.000000] Booting paravirtualized kernel on KVM
[    0.000000] clocksource: refined-jiffies: mask: 0xffffffff max_cycles: 0xffffffff, max_idle_ns: 7645519600211568 ns
[    0.000000] setup_percpu: NR_CPUS:512 nr_cpumask_bits:512 nr_cpu_ids:2 nr_node_ids:1
[    0.000000] PERCPU: Embedded 33 pages/cpu @ffff88003fc00000 s95192 r8192 d31784 u1048576
[    0.000000] Built 1 zonelists in Node order, mobility grouping on.  Total pages: 257912
[    0.000000] Policy zone: DMA32
[    0.000000] Kernel command line: BOOT_IMAGE=/boot/vmlinuz-4.4.0-210-generic root=LABEL=cloudimg-rootfs ro console=tty1 console=ttyS0
[    0.000000] PID hash table entries: 4096 (order: 3, 32768 bytes)
[    0.000000] Memory: 997792K/1048120K available (8644K kernel code, 1332K rwdata, 4044K rodata, 1492K init, 1164K bss, 50328K reserved, 0K cma-reserved)
[    0.000000] SLUB: HWalign=64, Order=0-3, MinObjects=0, CPUs=2, Nodes=1
[    0.000000] Hierarchical RCU implementation.
[    0.000000] 	Build-time adjustment of leaf fanout to 64.
[    0.000000] 	RCU restricting CPUs from NR_CPUS=512 to nr_cpu_ids=2.
[    0.000000] RCU: Adjusting geometry for rcu_fanout_leaf=64, nr_cpu_ids=2
[    0.000000] NR_IRQS:33024 nr_irqs:440 16
[    0.000000] Console: colour VGA+ 80x25
[    0.000000] console [tty1] enabled
[    0.000000] console [ttyS0] enabled
[    0.000000] tsc: Detected 3892.686 MHz processor
[    0.109450] Calibrating delay loop (skipped) preset value.. 7785.37 BogoMIPS (lpj=15570744)
[    0.110660] pid_max: default: 32768 minimum: 301
[    0.111322] ACPI: Core revision 20150930
[    0.112567] ACPI: 2 ACPI AML tables successfully acquired and loaded
[    0.113468] Security Framework initialized
[    0.114087] Yama: becoming mindful.
[    0.114680] AppArmor: AppArmor initialized
[    0.115334] Dentry cache hash table entries: 131072 (order: 8, 1048576 bytes)
[    0.116298] Inode-cache hash table entries: 65536 (order: 7, 524288 bytes)
[    0.120086] Mount-cache hash table entries: 2048 (order: 2, 16384 bytes)
[    0.120885] Mountpoint-cache hash table entries: 2048 (order: 2, 16384 bytes)
[    0.121825] Initializing cgroup subsys io
[    0.122394] Initializing cgroup subsys memory
[    0.122987] Initializing cgroup subsys devices
[    0.123590] Initializing cgroup subsys freezer
[    0.124179] Initializing cgroup subsys net_cls
[    0.124794] Initializing cgroup subsys perf_event
[    0.125429] Initializing cgroup subsys net_prio
[    0.126033] Initializing cgroup subsys hugetlb
[    0.126645] Initializing cgroup subsys pids
[    0.127418] mce: CPU supports 0 MCE banks
[    0.127995] Last level iTLB entries: 4KB 512, 2MB 512, 4MB 256
[    0.128732] Last level dTLB entries: 4KB 2048, 2MB 2048, 4MB 1024, 1GB 0
[    0.129544] Spectre V1 : Mitigation: usercopy/swapgs barriers and __user pointer sanitization
[    0.130718] Spectre V2 : Spectre mitigation: LFENCE not serializing, switching to generic retpoline
[    0.131872] Spectre V2 : Mitigation: Full generic retpoline
[    0.132551] Spectre V2 : Spectre v2 / SpectreRSB mitigation: Filling RSB on context switch
[    0.135318] Freeing SMP alternatives memory: 36K
[    0.139981] ftrace: allocating 32380 entries in 127 pages
[    0.176805] smpboot: APIC(0) Converting physical 0 to logical package 0
[    0.177934] smpboot: Max logical packages: 1
[    0.178850] x2apic enabled
[    0.179531] Switched APIC routing to physical x2apic.
[    0.181280] ..TIMER: vector=0x30 apic1=0 pin1=2 apic2=-1 pin2=-1
[    0.290095] APIC calibration not consistent with PM-Timer: 101ms instead of 100ms
[    0.291238] APIC delta adjusted to PM-Timer: 6297647 (6383732)
[    0.291984] smpboot: CPU0: AMD Ryzen 5 5600G with Radeon Graphics (family: 0x19, model: 0x50, stepping: 0x0)
[    0.293384] Performance Events: Broken PMU hardware detected, using software events only.
[    0.294565] Failed to access perfctr msr (MSR c0010007 is 0)
[    0.299726] KVM setup paravirtual spinlock
[    0.300965] x86: Booting SMP configuration:
[    0.301539] .... node  #0, CPUs:      #1
[    0.302137] kvm-clock: cpu 1, msr 0:3ffe3041, secondary cpu clock
[    0.302944] mce: CPU supports 0 MCE banks
[    0.305413] x86: Booted up 1 node, 2 CPUs
[    0.306204] smpboot: Total of 2 processors activated (15570.74 BogoMIPS)
[    0.307415] devtmpfs: initialized
[    0.309089] evm: security.selinux
[    0.309642] evm: security.SMACK64
[    0.310168] evm: security.SMACK64EXEC
[    0.310749] evm: security.SMACK64TRANSMUTE
[    0.311344] evm: security.SMACK64MMAP
[    0.311900] evm: security.ima
[    0.312390] evm: security.capability
[    0.316460] clocksource: jiffies: mask: 0xffffffff max_cycles: 0xffffffff, max_idle_ns: 7645041785100000 ns
[    0.317832] futex hash table entries: 512 (order: 3, 32768 bytes)
[    0.318769] pinctrl core: initialized pinctrl subsystem
[    0.319749] RTC time: 21:21:10, date: 12/18/24
[    0.320647] NET: Registered protocol family 16
[    0.329999] cpuidle: using governor ladder
[    0.340959] cpuidle: using governor menu
[    0.341566] PCCT header not found.
[    0.342330] ACPI: bus type PCI registered
[    0.342917] acpiphp: ACPI Hot Plug PCI Controller Driver version: 0.5
[    0.343762] PCI: Using configuration type 1 for base access
[    0.344483] PCI: Using configuration type 1 for extended access
[    0.356806] ACPI: Added _OSI(Module Device)
[    0.358392] ACPI: Added _OSI(Processor Device)
[    0.360012] ACPI: Added _OSI(3.0 _SCP Extensions)
[    0.361674] ACPI: Added _OSI(Processor Aggregator Device)
[    0.364346] ACPI: Executed 1 blocks of module-level executable AML code
[    0.367890] ACPI: Interpreter enabled
[    0.368420] ACPI: (supports S0 S5)
[    0.368948] ACPI: Using IOAPIC for interrupt routing
[    0.369666] PCI: Using host bridge windows from ACPI; if necessary, use "pci=nocrs" and report a bug
[    0.372551] ACPI: PCI Root Bridge [PCI0] (domain 0000 [bus 00-ff])
[    0.373312] acpi PNP0A03:00: _OSC: OS supports [ExtendedConfig ASPM ClockPM Segments MSI]
[    0.374807] acpi PNP0A03:00: _OSC: platform does not support [PCIeCapability]
[    0.375805] acpi PNP0A03:00: _OSC: not requesting control; platform does not support [PCIeCapability]
[    0.377024] acpi PNP0A03:00: _OSC: OS requested [PCIeHotplug PME AER PCIeCapability]
[    0.378070] acpi PNP0A03:00: _OSC: platform willing to grant [PCIeHotplug PME AER]
[    0.379112] acpi PNP0A03:00: _OSC failed (AE_SUPPORT); disabling ASPM
[    0.380045] PCI host bridge to bus 0000:00
[    0.388885] pci_bus 0000:00: root bus resource [io  0x0000-0x0cf7 window]
[    0.389663] pci_bus 0000:00: root bus resource [io  0x0d00-0xffff window]
[    0.390494] pci_bus 0000:00: root bus resource [mem 0x000a0000-0x000bffff window]
[    0.391475] pci_bus 0000:00: root bus resource [mem 0x40000000-0xfdffffff window]
[    0.392463] pci_bus 0000:00: root bus resource [bus 00-ff]
[    0.393919] pci 0000:00:01.1: legacy IDE quirk: reg 0x10: [io  0x01f0-0x01f7]
[    0.394733] pci 0000:00:01.1: legacy IDE quirk: reg 0x14: [io  0x03f6]
[    0.395515] pci 0000:00:01.1: legacy IDE quirk: reg 0x18: [io  0x0170-0x0177]
[    0.396307] pci 0000:00:01.1: legacy IDE quirk: reg 0x1c: [io  0x0376]
[    0.402337] pci 0000:00:07.0: quirk: [io  0x4000-0x403f] claimed by PIIX4 ACPI
[    0.403341] pci 0000:00:07.0: quirk: [io  0x4100-0x410f] claimed by PIIX4 SMB
[    0.407475] ACPI: PCI Interrupt Link [LNKA] (IRQs 5 9 10 *11)
[    0.408509] ACPI: PCI Interrupt Link [LNKB] (IRQs 5 9 *10 11)
[    0.409484] ACPI: PCI Interrupt Link [LNKC] (IRQs 5 *9 10 11)
[    0.410463] ACPI: PCI Interrupt Link [LNKD] (IRQs 5 9 10 *11)
[    0.411468] ACPI: Enabled 2 GPEs in block 00 to 07
[    0.412299] vgaarb: setting as boot device: PCI:0000:00:02.0
[    0.412994] vgaarb: device added: PCI:0000:00:02.0,decodes=io+mem,owns=io+mem,locks=none
[    0.414213] vgaarb: loaded
[    0.414702] vgaarb: bridge control possible 0000:00:02.0
[    0.415532] SCSI subsystem initialized
[    0.416177] ACPI: bus type USB registered
[    0.416793] usbcore: registered new interface driver usbfs
[    0.417532] usbcore: registered new interface driver hub
[    0.418251] usbcore: registered new device driver usb
[    0.419347] PCI: Using ACPI for IRQ routing
[    0.420090] NetLabel: Initializing
[    0.420619] NetLabel:  domain hash size = 128
[    0.421218] NetLabel:  protocols = UNLABELED CIPSOv4
[    0.421912] NetLabel:  unlabeled traffic allowed by default
[    0.422709] amd_nb: Cannot enumerate AMD northbridges
[    0.423412] clocksource: Switched to clocksource kvm-clock
[    0.433828] AppArmor: AppArmor Filesystem Enabled
[    0.434645] pnp: PnP ACPI init
[    0.435708] pnp: PnP ACPI: found 3 devices
[    0.443505] clocksource: acpi_pm: mask: 0xffffff max_cycles: 0xffffff, max_idle_ns: 2085701024 ns
[    0.445067] NET: Registered protocol family 2
[    0.445800] TCP established hash table entries: 8192 (order: 4, 65536 bytes)
[    0.446767] TCP bind hash table entries: 8192 (order: 5, 131072 bytes)
[    0.447771] TCP: Hash tables configured (established 8192 bind 8192)
[    0.448767] UDP hash table entries: 512 (order: 2, 16384 bytes)
[    0.449707] UDP-Lite hash table entries: 512 (order: 2, 16384 bytes)
[    0.450694] NET: Registered protocol family 1
[    0.451444] pci 0000:00:00.0: Limiting direct PCI/PCI transfers
[    0.452436] pci 0000:00:01.0: Activating ISA DMA hang workarounds
[    0.456690] Unpacking initramfs...
[    0.674837] Freeing initrd memory: 14888K
[    0.675531] clocksource: tsc: mask: 0xffffffffffffffff max_cycles: 0x7038b8db878, max_idle_ns: 881590710692 ns
[    0.676889] platform rtc_cmos: registered platform RTC device (no PNP device found)
[    0.677964] Scanning for low memory corruption every 60 seconds
[    0.679132] audit: initializing netlink subsys (disabled)
[    0.680119] audit: type=2000 audit(1734556875.226:1): initialized
[    0.681379] Initialise system trusted keyring
[    0.682364] HugeTLB registered 2 MB page size, pre-allocated 0 pages
[    0.684277] zbud: loaded
[    0.685134] VFS: Disk quotas dquot_6.6.0
[    0.685957] VFS: Dquot-cache hash table entries: 512 (order 0, 4096 bytes)
[    0.687259] squashfs: version 4.0 (2009/01/31) Phillip Lougher
[    0.692638] fuse init (API version 7.23)
[    0.693530] Key type big_key registered
[    0.694294] Allocating IMA MOK and blacklist keyrings.
[    0.695798] Key type asymmetric registered
[    0.696397] Asymmetric key parser 'x509' registered
[    0.697079] Block layer SCSI generic (bsg) driver version 0.4 loaded (major 249)
[    0.698252] io scheduler noop registered
[    0.699009] io scheduler deadline registered (default)
[    0.699974] io scheduler cfq registered
[    0.700759] pci_hotplug: PCI Hot Plug PCI Core version: 0.5
[    0.701738] pciehp: PCI Express Hot Plug Controller Driver version: 0.4
[    0.702892] ACPI: AC Adapter [AC] (on-line)
[    0.703703] input: Power Button as /devices/LNXSYSTM:00/LNXPWRBN:00/input/input0
[    0.705107] ACPI: Power Button [PWRF]
[    0.705906] input: Sleep Button as /devices/LNXSYSTM:00/LNXSLPBN:00/input/input1
[    0.707161] ACPI: Sleep Button [SLPF]
[    0.707815] GHES: HEST is not enabled!
[    0.708451] Serial: 8250/16550 driver, 32 ports, IRQ sharing enabled
[    0.729574] 00:02: ttyS0 at I/O 0x3f8 (irq = 4, base_baud = 115200) is a 16550A
[    0.732450] Linux agpgart interface v0.103
[    0.735640] loop: module loaded
[    0.736906] scsi host0: ata_piix
[    0.738148] scsi host1: ata_piix
[    0.739014] ata1: PATA max UDMA/33 cmd 0x1f0 ctl 0x3f6 bmdma 0xd000 irq 14
[    0.740180] ata2: PATA max UDMA/33 cmd 0x170 ctl 0x376 bmdma 0xd008 irq 15
[    0.741412] libphy: Fixed MDIO Bus: probed
[    0.742107] tun: Universal TUN/TAP device driver, 1.6
[    0.742864] tun: (C) 1999-2004 Max Krasnyansky <maxk@qualcomm.com>
[    0.743766] PPP generic driver version 2.4.2
[    0.744507] ehci_hcd: USB 2.0 'Enhanced' Host Controller (EHCI) Driver
[    0.745417] ehci-pci: EHCI PCI platform driver
[    0.746149] ehci-platform: EHCI generic platform driver
[    0.746898] ohci_hcd: USB 1.1 'Open' Host Controller (OHCI) Driver
[    0.747727] ohci-pci: OHCI PCI platform driver
[    0.748347] ohci-platform: OHCI generic platform driver
[    0.749075] uhci_hcd: USB Universal Host Controller Interface driver
[    0.750054] i8042: PNP: PS/2 Controller [PNP0303:PS2K,PNP0f03:PS2M] at 0x60,0x64 irq 1,12
[    0.751764] serio: i8042 KBD port at 0x60,0x64 irq 1
[    0.752508] serio: i8042 AUX port at 0x60,0x64 irq 12
[    0.753434] mousedev: PS/2 mouse device common for all mice
[    0.754665] input: AT Translated Set 2 keyboard as /devices/platform/i8042/serio0/input/input2
[    0.755944] rtc_cmos rtc_cmos: rtc core: registered rtc_cmos as rtc0
[    0.756855] rtc_cmos rtc_cmos: alarms up to one day, 114 bytes nvram
[    0.757651] i2c /dev entries driver
[    0.758255] device-mapper: uevent: version 1.0.3
[    0.758999] device-mapper: ioctl: 4.34.0-ioctl (2015-10-28) initialised: dm-devel@redhat.com
[    0.760214] ledtrig-cpu: registered to indicate activity on CPUs
[    0.761276] NET: Registered protocol family 10
[    0.762103] NET: Registered protocol family 17
[    0.762765] Key type dns_resolver registered
[    0.763687] registered taskstats version 1
[    0.764311] Loading compiled-in X.509 certificates
[    0.765322] Loaded X.509 cert 'Build time autogenerated kernel key: cf00e047681d67edb2720680708b7d9498083038'
[    0.766693] zswap: loaded using pool lzo/zbud
[    0.768866] Key type trusted registered
[    0.771757] Key type encrypted registered
[    0.772385] AppArmor: AppArmor sha1 policy hashing enabled
[    0.773105] ima: No TPM chip found, activating TPM-bypass!
[    0.773853] ima: Allocated hash algorithm: sha1
[    0.774499] evm: HMAC attrs: 0x1
[    0.775243]   Magic number: 4:442:399
[    0.776344] rtc_cmos rtc_cmos: setting system clock to 2024-12-18 21:21:10 UTC (1734556870)
[    0.779845] BIOS EDD facility v0.16 2004-Jun-25, 0 devices found
[    0.781222] EDD information not available.
[    0.957066] Freeing unused kernel memory: 1492K
[    0.957954] Write protecting the kernel read-only data: 14336k
[    0.959253] Freeing unused kernel memory: 1584K
[    0.960194] Freeing unused kernel memory: 52K
Loading, please wait...
starting version 229
[    0.971004] random: systemd-udevd: uninitialized urandom read (16 bytes read, 4 bits of entropy available)
[    0.971307] random: udevadm: uninitialized urandom read (16 bytes read, 4 bits of entropy available)
[    0.971324] random: udevadm: uninitialized urandom read (16 bytes read, 4 bits of entropy available)
[    0.975943] random: systemd-udevd: uninitialized urandom read (16 bytes read, 4 bits of entropy available)
[    0.976155] random: udevadm: uninitialized urandom read (16 bytes read, 4 bits of entropy available)
[    0.976191] random: udevadm: uninitialized urandom read (16 bytes read, 4 bits of entropy available)
[    0.976274] random: udevadm: uninitialized urandom read (16 bytes read, 4 bits of entropy available)
[    0.976312] random: udevadm: uninitialized urandom read (16 bytes read, 4 bits of entropy available)
[    0.976341] random: udevadm: uninitialized urandom read (16 bytes read, 4 bits of entropy available)
[    0.976378] random: udevadm: uninitialized urandom read (16 bytes read, 4 bits of entropy available)
[    1.000041] e1000: Intel(R) PRO/1000 Network Driver - version 7.3.21-k8-NAPI
[    1.000929] e1000: Copyright (c) 1999-2006 Intel Corporation.
[    1.003860] Fusion MPT base driver 3.04.20
[    1.004467] Copyright (c) 1999-2008 LSI Corporation
[    1.007155] Fusion MPT SPI Host driver 3.04.20
[    1.012781] AVX2 version of gcm_enc/dec engaged.
[    1.013471] AES CTR mode by8 optimization enabled
[    1.681754] input: ImExPS/2 Generic Explorer Mouse as /devices/platform/i8042/serio1/input/input4
[    1.702582] e1000 0000:00:03.0 eth0: (PCI:33MHz:32-bit) 02:be:82:6b:cc:1d
[    1.703375] e1000 0000:00:03.0 eth0: Intel(R) PRO/1000 Network Connection
[    1.704603] mptbase: ioc0: Initiating bringup
[    1.955390] ioc0: LSI53C1030 A0: Capabilities={Initiator}
[    3.650050] scsi host2: ioc0: LSI53C1030 A0, FwRev=00000000h, Ports=1, MaxQ=256, IRQ=20
[    4.676315] scsi 2:0:0:0: Direct-Access     VBOX     HARDDISK         1.0  PQ: 0 ANSI: 5
[    4.679256] scsi target2:0:0: Beginning Domain Validation
[    4.695081] scsi target2:0:0: Domain Validation skipping write tests
[    4.696023] scsi target2:0:0: Ending Domain Validation
[    4.697048] scsi target2:0:0: asynchronous
[    4.698089] scsi 2:0:1:0: Direct-Access     VBOX     HARDDISK         1.0  PQ: 0 ANSI: 5
[    4.699776] scsi target2:0:1: Beginning Domain Validation
[    4.702014] scsi target2:0:1: Domain Validation skipping write tests
[    4.703030] scsi target2:0:1: Ending Domain Validation
[    4.704177] scsi target2:0:1: asynchronous
[    4.720005] sd 2:0:0:0: Attached scsi generic sg0 type 0
[    4.721092] sd 2:0:0:0: [sda] 83886080 512-byte logical blocks: (42.9 GB/40.0 GiB)
[    4.721261] sd 2:0:1:0: [sdb] 20480 512-byte logical blocks: (10.5 MB/10.0 MiB)
[    4.721350] sd 2:0:1:0: [sdb] Write Protect is off
[    4.721410] sd 2:0:1:0: [sdb] Incomplete mode parameter data
[    4.721411] sd 2:0:1:0: [sdb] Assuming drive cache: write through
[    4.726857] sd 2:0:1:0: Attached scsi generic sg1 type 0
[    4.728045] sd 2:0:0:0: [sda] Write Protect is off
[    4.729029] sd 2:0:0:0: [sda] Incomplete mode parameter data
[    4.730049] sd 2:0:0:0: [sda] Assuming drive cache: write through
[    4.740951]  sda: sda1
[    4.742166] sd 2:0:1:0: [sdb] Attached SCSI disk
[    4.743159] sd 2:0:0:0: [sda] Attached SCSI disk
[    5.262913] e1000 0000:00:08.0 eth1: (PCI:33MHz:32-bit) 08:00:27:2b:3d:9a
[    5.264082] e1000 0000:00:08.0 eth1: Intel(R) PRO/1000 Network Connection
[    5.265558] e1000 0000:00:08.0 enp0s8: renamed from eth1
[    5.275574] e1000 0000:00:03.0 enp0s3: renamed from eth0
Begin: Loading essential drivers ... [    6.592239] md: linear personality registered for level -1
[    6.594679] md: multipath personality registered for level -4
[    6.597307] md: raid0 personality registered for level 0
[    6.600849] md: raid1 personality registered for level 1
[    6.671500] raid6: sse2x1   gen()  6793 MB/s
[    6.739464] raid6: sse2x1   xor() 11978 MB/s
[    6.807474] raid6: sse2x2   gen() 13304 MB/s
[    6.875466] raid6: sse2x2   xor() 16051 MB/s
[    6.943457] raid6: sse2x4   gen() 19899 MB/s
[    7.011455] raid6: sse2x4   xor() 11052 MB/s
[    7.079511] raid6: avx2x1   gen() 14200 MB/s
[    7.147459] raid6: avx2x2   gen() 28676 MB/s
[    7.215481] raid6: avx2x4   gen() 31292 MB/s
[    7.216103] raid6: using algorithm avx2x4 gen() 31292 MB/s
[    7.216756] raid6: using avx2x2 recovery algorithm
[    7.218162] xor: automatically using best checksumming function:
[    7.255457]    avx       : 18220.000 MB/sec
[    7.256616] async_tx: api initialized (async)
[    7.261870] md: raid6 personality registered for level 6
[    7.262589] md: raid5 personality registered for level 5
[    7.263324] md: raid4 personality registered for level 4
[    7.267428] md: raid10 personality registered for level 10
done.
Begin: Running /scripts/init-premount ... done.
Begin: Mounting root file system ... Begin: Running /scripts/local-top ... done.
Begin: Running /scripts/local-premount ... [    7.284548] Btrfs loaded
Scanning for Btrfs filesystems
done.
Warning: fsck not present, so skipping root file system
[    7.303822] EXT4-fs (sda1): mounted filesystem with ordered data mode. Opts: (null)
done.
Begin: Running /scripts/local-bottom ... done.
Begin: Running /scripts/init-bottom ... done.
[    7.369860] systemd[1]: systemd 229 running in system mode. (+PAM +AUDIT +SELINUX +IMA +APPARMOR +SMACK +SYSVINIT +UTMP +LIBCRYPTSETUP +GCRYPT +GNUTLS +ACL +XZ -LZ4 +SECCOMP +BLKID +ELFUTILS +KMOD -IDN)
[    7.372036] systemd[1]: Detected virtualization oracle.
[    7.372683] systemd[1]: Detected architecture x86-64.

Welcome to [1mUbuntu 16.04.7 LTS[0m!

[    7.374565] systemd[1]: Set hostname to <ubuntu>.
[    7.376130] systemd[1]: Initializing machine ID from random generator.
[    7.376919] systemd[1]: Installed transient /etc/machine-id file.
[    7.742449] systemd[1]: Listening on Journal Socket.
[[0;32m  OK  [0m] Listening on Journal Socket.
[    7.755734] systemd[1]: Reached target Swap.
[[0;32m  OK  [0m] Reached target Swap.
[    7.758390] systemd[1]: Started Trigger resolvconf update for networkd DNS.
[[0;32m  OK  [0m] Started Trigger resolvconf update for networkd DNS.
[    7.761953] systemd[1]: Listening on udev Kernel Socket.
[[0;32m  OK  [0m] Listening on udev Kernel Socket.
[    7.771732] systemd[1]: Listening on udev Control Socket.
[[0;32m  OK  [0m] Listening on udev Control Socket.
[    7.774656] systemd[1]: Listening on Journal Audit Socket.
[[0;32m  OK  [0m] Listening on Journal Audit Socket.
[    7.778145] systemd[1]: Created slice User and Session Slice.
[[0;32m  OK  [0m] Created slice User and Session Slice.
[    7.781273] systemd[1]: Listening on LVM2 poll daemon socket.
[[0;32m  OK  [0m] Listening on LVM2 poll daemon socket.
[    7.782285] systemd[1]: Reached target User and Group Name Lookups.
[[0;32m  OK  [0m] Reached target User and Group Name Lookups.
[    7.783372] systemd[1]: Listening on fsck to fsckd communication Socket.
[[0;32m  OK  [0m] Listening on fsck to fsckd communication Socket.
[    7.784601] systemd[1]: Listening on Syslog Socket.
[[0;32m  OK  [0m] Listening on Syslog Socket.
[    7.785514] systemd[1]: Listening on Journal Socket (/dev/log).
[[0;32m  OK  [0m] Listening on Journal Socket (/dev/log).
[    7.786593] systemd[1]: Started Forward Password Requests to Wall Directory Watch.
[[0;32m  OK  [0m] Started Forward Password Requests to Wall Directory Watch.
[    7.787990] systemd[1]: Reached target System Time Synchronized.
[[0;32m  OK  [0m] Reached target System Time Synchronized.
[    7.789096] systemd[1]: Listening on LVM2 metadata daemon socket.
[[0;32m  OK  [0m] Listening on LVM2 metadata daemon socket.
[    7.790327] systemd[1]: Set up automount Arbitrary Executable File Formats File System Automount Point.
[[0;32m  OK  [0m] Set up automount Arbitrary Executab...ats File System Automount Point.
[    7.791977] systemd[1]: Listening on /dev/initctl Compatibility Named Pipe.
[[0;32m  OK  [0m] Listening on /dev/initctl Compatibility Named Pipe.
[    7.793098] systemd[1]: Reached target Encrypted Volumes.
[[0;32m  OK  [0m] Reached target Encrypted Volumes.
[    7.794104] systemd[1]: Listening on Device-mapper event daemon FIFOs.
[[0;32m  OK  [0m] Listening on Device-mapper event daemon FIFOs.
[    7.795411] systemd[1]: Created slice System Slice.
[[0;32m  OK  [0m] Created slice System Slice.
[    7.811737] systemd[1]: Starting Load Kernel Modules...
         Starting Load Kernel Modules...
[    7.818441] Loading iSCSI transport class v2.0-870.
[    7.819961] systemd[1]: Mounting Huge Pages File System...
         Mounting Huge Pages File System...
[    7.822828] iscsi: registered transport (tcp)
[    7.828386] systemd[1]: Mounting POSIX Message Queue File System...
         Mounting POSIX Message Queue File System...
[    7.834860] systemd[1]: Starting Uncomplicated firewall...
         Starting Uncomplicated firewall...
[    7.836737] systemd[1]: Starting Journal Service...
         Starting Journal Service...
[    7.838258] systemd[1]: Starting File System Check on Root Device...
         Starting File System Check on Root Device...
[    7.847859] systemd[1]: Starting Monitoring of LVM2 mirrors, snapshots etc. using dmeventd or progress polling...
         Starting Monitoring of LVM2 mirrors... dmeventd or progress polling...
[    7.853996] iscsi: registered transport (iser)
[    7.856034] systemd[1]: Starting Set console keymap...
         Starting Set console keymap...
[    7.865113] systemd[1]: Mounting Debug File System...
         Mounting Debug File System...
[    7.871546] systemd[1]: Reached target Slices.
[[0;32m  OK  [0m] Reached target Slices.
[    7.872813] systemd[1]: Starting Nameserver information manager...
         Starting Nameserver information manager...
[    7.882894] systemd[1]: Created slice system-serial\x2dgetty.slice.
[[0;32m  OK  [0m] Created slice system-serial\x2dgetty.slice.
[    7.884326] systemd[1]: Starting Create list of required static device nodes for the current kernel...
         Starting Create list of required st... nodes for the current kernel...
[    7.892452] systemd[1]: Mounted Huge Pages File System.
[[0;32m  OK  [0m] Mounted Huge Pages File System.
[    7.893471] systemd[1]: Mounted POSIX Message Queue File System.
[[0;32m  OK  [0m] Mounted POSIX Message Queue File System.
[    7.894590] systemd[1]: Mounted Debug File System.
[[0;32m  OK  [0m] Mounted Debug File System.
[    7.895770] systemd[1]: Started Journal Service.
[[0;32m  OK  [0m] Started Journal Service.
[[0;32m  OK  [0m] Started Load Kernel Modules.
[[0;32m  OK  [0m] Started Uncomplicated firewall.
[[0;32m  OK  [0m] Started File System Check on Root Device.
[[0;32m  OK  [0m] Started Set console keymap.
[[0;32m  OK  [0m] Started Create list of required sta...ce nodes for the current kernel.
[[0;32m  OK  [0m] Started Nameserver information manager.
[[0;32m  OK  [0m] Started File System Check Daemon to report status.
[[0;32m  OK  [0m] Started LVM2 metadata daemon.
         Starting Create Static Device Nodes in /dev...
         Starting Remount Root and Kernel File Systems...
[    7.940966] EXT4-fs (sda1): re-mounted. Opts: (null)
         Mounting FUSE Control File System...
         Starting Apply Kernel Variables...
[[0;32m  OK  [0m] Mounted FUSE Control File System.
[[0;32m  OK  [0m] Started Create Static Device Nodes in /dev.
[[0;32m  OK  [0m] Started Remount Root and Kernel File Systems.
[[0;32m  OK  [0m] Started Apply Kernel Variables.
         Starting Flush Journal to Persistent Storage...
         Starting Load/Save Random Seed...
         Starting udev Coldplug all Devices...
         Starting udev Kernel Device Manager...
[[0;32m  OK  [0m] Started Load/Save Random Seed.
[[0;32m  OK  [0m] Started Flush Journal to Persistent Storage.
[[0;32m  OK  [0m] Started udev Kernel Device Manager.
[[0;32m  OK  [0m] Started udev Coldplug all Devices.
[[0;32m  OK  [0m] Started Dispatch Password Requests to Console Directory Watch.
[[0;32m  OK  [0m] Found device /dev/ttyS0.
[[0;32m  OK  [0m] Listening on Load/Save RF Kill Switch Status /dev/rfkill Watch.
[[0;32m  OK  [0m] Started Monitoring of LVM2 mirrors,...ng dmeventd or progress polling.
[[0;32m  OK  [0m] Reached target Local File Systems (Pre).
[[0;32m  OK  [0m] Reached target Local File Systems.
         Starting Set console font and keymap...
         Starting Commit a transient machine-id on disk...
         Starting LSB: AppArmor initialization...
         Starting Initial cloud-init job (pre-networking)...
         Starting Tell Plymouth To Write Out Runtime Data...
         Starting Create Volatile Files and Directories...
[[0;32m  OK  [0m] Started Commit a transient machine-id on disk.
[[0;32m  OK  [0m] Started Tell Plymouth To Write Out Runtime Data.
[[0;32m  OK  [0m] Started Create Volatile Files and Directories.
         Starting Update UTMP about System Boot/Shutdown...
[[0;32m  OK  [0m] Started Update UTMP about System Boot/Shutdown.
[[0;32m  OK  [0m] Started Set console font and keymap.
[[0;32m  OK  [0m] Created slice system-getty.slice.
[[0;32m  OK  [0m] Started LSB: AppArmor initialization.
         Starting Load AppArmor profiles managed internally by snapd...
[[0;32m  OK  [0m] Started Load AppArmor profiles managed internally by snapd.
[    9.215525] cloud-init[645]: Cloud-init v. 21.1-19-gbad84ad4-0ubuntu1~16.04.2 running 'init-local' at Wed, 18 Dec 2024 21:21:18 +0000. Up 8.98 seconds.
[[0;32m  OK  [0m] Started Initial cloud-init job (pre-networking).
[[0;32m  OK  [0m] Reached target Network (Pre).
         Starting Raise network interfaces...
[[0;32m  OK  [0m] Started Raise network interfaces.
[[0;32m  OK  [0m] Reached target Network.
         Starting Initial cloud-init job (metadata service crawler)...
[    9.998054] cloud-init[954]: Cloud-init v. 21.1-19-gbad84ad4-0ubuntu1~16.04.2 running 'init' at Wed, 18 Dec 2024 21:21:19 +0000. Up 9.56 seconds.
[    9.998774] cloud-init[954]: ci-info: ++++++++++++++++++++++++++++++++++++++Net device info+++++++++++++++++++++++++++++++++++++++
[    9.999465] cloud-init[954]: ci-info: +--------+-------+----------------------------+---------------+--------+-------------------+
[   10.000034] cloud-init[954]: ci-info: | Device |   Up  |          Address           |      Mask     | Scope  |     Hw-Address    |
[   10.008298] cloud-init[954]: ci-info: +--------+-------+----------------------------+---------------+--------+-------------------+
[   10.008876] cloud-init[954]: ci-info: | enp0s3 |  True |         10.0.2.15          | 255.255.255.0 | global | 02:be:82:6b:cc:1d |
[   10.009411] cloud-init[954]: ci-info: | enp0s3 |  True | fe80::be:82ff:fe6b:cc1d/64 |       .       |  link  | 02:be:82:6b:cc:1d |
[   10.016334] cloud-init[954]: ci-info: | enp0s8 | False |             .              |       .       |   .    | 08:00:27:2b:3d:9a |
[   10.016908] cloud-init[954]: ci-info: |   lo   |  True |         127.0.0.1          |   255.0.0.0   |  host  |         .         |
[   10.017464] cloud-init[954]: ci-info: |   lo   |  True |          ::1/128           |       .       |  host  |         .         |
[   10.018009] cloud-init[954]: ci-info: +--------+-------+----------------------------+---------------+--------+-------------------+
[   10.018534] cloud-init[954]: ci-info: +++++++++++++++++++++++++++Route IPv4 info++++++++++++++++++++++++++++
[   10.024220] cloud-init[954]: ci-info: +-------+-------------+----------+---------------+-----------+-------+
[[0;32m  OK  [0m] Started Initial cloud-init job (metadata service crawler).
[   10.032400] [[0;32m  OK  [0m] Reached target System Initialization.
cloud-init[954]: ci-info: | Route | Destination | Gateway  |    Genmask    | Interface | Flags |
[   10.033298]          Starting LXD - unix socket.
[[0;32m  OK  [0m] Listening on UUID daemon activation socket.
[[0;32m  OK  [0m] Listening on ACPID Listen Socket.
         Starting Socket activation for snappy daemon.
[[0;32m  OK  [0m] Listening on D-Bus System Message Bus Socket.
cloud-init[954]: [[0;32m  OK  [0m] Started Ubuntu Advantage update messaging.
ci-info: +-------+-------------+----------+---------------+-----------+-------+
[[0;32m  OK  [0m] Started Message of the Day.
[[0;32m  OK  [0m] Started Daily apt download activities.
[[0;32m  OK  [0m] Started Daily apt upgrade and clean activities.
[   10.034913] cloud-init[954]: ci-info: |   0   |   0.0.0.0   | 10.0.2.2 |    0.0.0.0    |   enp0s3  |   UG  |
[   10.035404] cloud-init[954]: ci-info: |   1   |   10.0.2.0  | 0.0.0.0  | 255.255.255.0 |   enp0s3  |   U   |
[   10.035869] cloud-init[954]: ci-info: +-------+-------------+----------+---------------+-----------+-------+
[   10.036082] cloud-init[954]: ci-info: +++++++++++++++++++Route IPv6 info+++++++++++++++++++
[   10.036190] cloud-init[954]: ci-info: +-------+-------------+---------+-----------+-------+
[   10.036296] cloud-init[954]: ci-info: | Route | Destination | Gateway | Interface | Flags |
[   10.036342] cloud-init[954]: ci-info: +-------+-------------+---------+-----------+-------+
[   10.036498] cloud-init[954]: ci-info: |   0   |  fe80::/64  |    ::   |   enp0s3  |   U   |
[[   10.036569] [0;32m  OK  [0mcloud-init] [954]: Started ACPI Events Check.ci-info: |   3   |   ff00::/8  |    ::   |   enp0s3  |   U   |

[[0;32m  OK  [0m] Reached target Paths.
[[0;32m  OK  [0m] Started Daily Cleanup of Temporary Directories.
[[0;32m  OK  [0m] Reached target Timers.
[[0;32m  OK  [0m] Reached target Cloud-config availability.
[[0;32m  OK  [0m] Reached target Network is Online.
[   10.037078] cloud-init[954]: ci-info: +-------+-------------+---------+-----------+-------+
[   10.046086] cloud-init[954]: Generating public/private rsa key pair.
[   10.046979] cloud-init[954]: Your identification has been saved in /etc/ssh/ssh_host_rsa_key.
[   10.056007]          Starting iSCSI initiator daemon (iscsid)...
cloud-init[954]: Your public key has been saved in /etc/ssh/ssh_host_rsa_key.pub.
[[0;32m  OK  [0m] Listening on LXD - unix socket.
[[0;32m  OK  [0m] Listening on Socket activation for snappy daemon.
[[0;32m  OK  [0m] Reached target Sockets.
[[0;32m  OK  [0m] Reached target Basic System.
[   10.060070] cloud-init[954]: The key fingerprint is:
[   10.063484] cloud-init[954]: SHA256:6mQl76SfFRc2YXZm1SYHqV/ND/s1abQVkYa8ZWuiJnw root@ubuntu-xenial
[   10.068186] cloud-init[954]: The key's randomart image is:
[   10.068278] cloud-init[954]: +---[RSA 2048]----+
[   10.068382] cloud-init[954]: |            = *==|
[   10.068423] cloud-init[954]: |           o Bo*+|
[   10.068487] cloud-init[954]: |            +.==+|
[   10.068518] cloud-init[954]: |           ..=.+=|
[   10.068596] cloud-init[954]: |      . S . o.++=|
[   10.068622] cloud-init[954]: |       = o E  o=o|
[   10.068688] cloud-init[954]: |      + o =   ..o|
[   10.068747] cloud-init[954]: |     + + o      .|
[   10.068819] cloud-init[954]: |      o.+        |
[   10.068915] cloud-init[954]: +----[SHA256]-----+
[   10.068980] cloud-init[954]: Generating public/private dsa key pair.
[   10.069050] cloud-init[954]: Your identification has been saved in /etc/ssh/ssh_host_dsa_key.
[   10.069114] cloud-init[954]: Your public key has been saved in /etc/ssh/ssh_host_dsa_key.pub.
[   10.069174] cloud-init[954]: The key fingerprint is:
[   10.069220] cloud-init[954]: SHA256:ouWddVf++ahPl0MVD09qCzE8WkPkZS+BWIrT7CNib10 root@ubuntu-xenial
[   10.069249] cloud-init[954]: The key's randomart image is:
[   10.069318] cloud-init[954]: +---[DSA 1024]----+
[   10.069351] cloud-init[954]: |           **.=..|
[   10.069394] cloud-init[954]: |         +.o*= Bo|
[   10.069460] cloud-init[954]: |        o +ooo+ *|
[   10.069522] cloud-init[954]: |         o.  o =.|
[   10.069553] cloud-init[954]: |      = S + E o..|
[   10.069587] cloud-init[954]: |     = = = + .. +|
[   10.069652] cloud-init[954]: |    . . = .   .+o|
[   10.069724] cloud-init[954]: |       .     . oo|
[   10.069766] cloud-init[954]: |            .oo .|
[   10.069829] cloud-init[954]: +----[SHA256]-----+
[   10.069858] cloud-init[954]: Generating public/private ecdsa key pair.
[   10.069893] cloud-init[954]: Your identification has been saved in /etc/ssh/ssh_host_ecdsa_key.
[   10.069958] cloud-init[954]: Your public key has been saved in /etc/ssh/ssh_host_ecdsa_key.pub.
[   10.070021] cloud-init[954]: The key fingerprint is:
[   10.070091] cloud-init[954]: SHA256:+qtaKE1zEWVTCJseBECPu6TrCFheXYSiKPwJ6MZxJ6k root@ubuntu-xenial
[   10.070203] cloud-init[954]: The key's randomart image is:
[   10.070244] cloud-init[954]: +---[ECDSA 256]---+
[   10.070272] cloud-init[954]: | .o...++=o.      |
[   10.070340] cloud-init[954]: |   o...*..       |
[   10.070376] cloud-init[954]: |o...o.= .        |
[   10.070478] cloud-init[954]: |++.= + +         |
[   10.070514] cloud-init[954]: |+ X B + S        |
[   10.070555] cloud-init[954]: |.E B + .         |
[   10.070585] cloud-init[954]: |= + o o          |
[   10.070649] cloud-init[954]: |o. . . .         |
[   10.070719] cloud-init[954]: |+.  ....o.       |
[   10.070782] cloud-init[954]: +----[SHA256]-----+
[   10.070817] cloud-init[954]: Generating public/private ed25519 key pair.
[   10.070858] cloud-init[954]: Your identification has been saved in /etc/ssh/ssh_host_ed25519_key.
[   10.070885] cloud-init[954]: Your public key has been saved in /etc/ssh/ssh_host_ed25519_key.pub.
[   10.070929] cloud-init[954]: The key fingerprint is:
[   10.070957] cloud-init[954]: SHA256:8HlulVdvHdnIHHGy66kByEDAr9njMokzwRBN9bfEj7g root@ubuntu-xenial
[   10.071027] cloud-init[954]: The key's randomart image is:
[   10.071061] cloud-init[954]: +--[ED25519 256]--+
[   10.071103] cloud-init[954]: | o.oo..       +..|
[   10.071132] cloud-init[954]: |. . .o .     o *o|
[   10.071333] cloud-init[954]: | .   .+ +     =oo|
[   10.071409] cloud-init[954]: |.     .O *   . o+|
[   10.071431] cloud-init[954]: | o   +. S + o o +|
[   10.071472] cloud-init[954]: |  o o o. o o o o |
[   10.071504] cloud-init[954]: |   o oE.  o . o  |
         Starting Virtualbox guest utils...
[   10.071576] cloud-init[954]: |  + + .  .   o   |
[   10.071612] cloud-init[954]: |   o o      .    |
[   10.071676] cloud-init[954]: +----[SHA256]-----+
[[0;32m  OK  [0m] Started ACPI event daemon.
[[0;32m  OK  [0m] Started FUSE filesystem for LXC.
[[0;32m  OK  [0m] Started Regular background program processing daemon.
         Starting LSB: Record successful boot for GRUB...
         Starting Accounts Service...
         Starting LXD - container startup/shutdown...
         Starting /etc/rc.local Compatibility...
         Starting Pollinate to seed the pseudo random number generator...
[[0;32m  OK  [0m] Started D-Bus System Message Bus.
         Starting System Logging Service...
         Starting Snap Daemon...
         Starting LSB: MD monitoring daemon...
[[0;32m  OK  [0m] Started Deferred execution scheduler.
         Starting Login Service...
[[0;32m  OK  [0m] Started /etc/rc.local Compatibility.
[[0;32m  OK  [0m] Started iSCSI initiator daemon (iscsid).
         Starting Login to default iSCSI targets...
[[0;32m  OK  [0m] Started LSB: MD monitoring daemon.
[[0;32m  OK  [0m] Started Login Service.
[[0;32m  OK  [0m] Started LSB: Record successful boot for GRUB.
[[0;32m  OK  [0m] Started Unattended Upgrades Shutdown.
[[0;32m  OK  [0m] Started System Logging Service.
         Starting Authenticate and Authorize Users to Run Privileged Tasks...
[[0;32m  OK  [0m] Started Login to default iSCSI targets.
[[0;32m  OK  [0m] Reached target Remote File Systems (Pre).
[[0;32m  OK  [0m] Reached target Remote File Systems.
         Starting LSB: daemon to balance interrupts for SMP systems...
         Starting LSB: Set the CPU Frequency Scaling governor to "ondemand"...
         Starting Permit User Sessions...
         Starting LSB: automatic crash report generation...
[[0;32m  OK  [0m] Started Virtualbox guest utils.
[[0;32m  OK  [0m] Started LXD - container startup/shutdown.
[[0;32m  OK  [0m] Started Permit User Sessions.
[[0;32m  OK  [0m] Started Authenticate and Authorize Users to Run Privileged Tasks.
[[0;32m  OK  [0m] Started Accounts Service.
         Starting Hold until boot process finishes up...
         Starting Terminate Plymouth Boot Screen...
[[0;32m  OK  [0m] Started Hold until boot process finishes up.
         Starting Set console scheme...
[[0;32m  OK  [0m] Started Getty on tty1.
[[0;32m  OK  [0m] Started Serial Getty on ttyS0.
[[0;32m  OK  [0m] Reached target Login Prompts.
[[0;32m  OK  [0m] Started Terminate Plymouth Boot Screen.
[[0;32m  OK  [0m] Started LSB: Set the CPU Frequency Scaling governor to "ondemand".
[[0;32m  OK  [0m] Started Set console scheme.
[[0;32m  OK  [0m] Started LSB: daemon to balance interrupts for SMP systems.
[[0;32m  OK  [0m] Started LSB: automatic crash report generation.
[[0;32m  OK  [0m] Started Snap Daemon.
         Starting Wait until snapd is fully seeded...
[[0;32m  OK  [0m] Started Pollinate to seed the pseudo random number generator.
         Starting OpenBSD Secure Shell server...
[[0;32m  OK  [0m] Started OpenBSD Secure Shell server.
[[0;32m  OK  [0m] Created slice User Slice of vagrant.
         Starting User Manager for UID 1000...
[[0;32m  OK  [0m] Started Session 1 of user vagrant.
[[0;32m  OK  [0m] Started User Manager for UID 1000.

Ubuntu 16.04.7 LTS ubuntu-xenial ttyS0

ubuntu-xenial login: [   22.816738] cloud-init[1871]: Generating locales (this might take a while)...
[   23.407572] cloud-init[1871]:   en_US.UTF-8... done
[   23.408103] cloud-init[1871]: Generation complete.
[   23.667136] cloud-init[1871]: Cloud-init v. 21.1-19-gbad84ad4-0ubuntu1~16.04.2 running 'modules:config' at Wed, 18 Dec 2024 21:21:32 +0000. Up 22.72 seconds.
ci-info: no authorized SSH keys fingerprints found for user ubuntu.
<14>Dec 18 21:21:33 ec2: 
<14>Dec 18 21:21:33 ec2: #############################################################
<14>Dec 18 21:21:33 ec2: -----BEGIN SSH HOST KEY FINGERPRINTS-----
<14>Dec 18 21:21:33 ec2: 1024 SHA256:ouWddVf++ahPl0MVD09qCzE8WkPkZS+BWIrT7CNib10 root@ubuntu-xenial (DSA)
<14>Dec 18 21:21:33 ec2: 256 SHA256:+qtaKE1zEWVTCJseBECPu6TrCFheXYSiKPwJ6MZxJ6k root@ubuntu-xenial (ECDSA)
<14>Dec 18 21:21:33 ec2: 256 SHA256:8HlulVdvHdnIHHGy66kByEDAr9njMokzwRBN9bfEj7g root@ubuntu-xenial (ED25519)
<14>Dec 18 21:21:33 ec2: 2048 SHA256:6mQl76SfFRc2YXZm1SYHqV/ND/s1abQVkYa8ZWuiJnw root@ubuntu-xenial (RSA)
<14>Dec 18 21:21:33 ec2: -----END SSH HOST KEY FINGERPRINTS-----
<14>Dec 18 21:21:33 ec2: #############################################################
-----BEGIN SSH HOST KEY KEYS-----
ecdsa-sha2-nistp256 AAAAE2VjZHNhLXNoYTItbmlzdHAyNTYAAAAIbmlzdHAyNTYAAABBBKWRpKv1f2TR67rpz0h82+YmTKFEez4jBJNsbHKltS2gwtV1qWDUHUEopGwpQAGaqhXX9tk80UR2XM1DWez8C1M= root@ubuntu-xenial
ssh-ed25519 AAAAC3NzaC1lZDI1NTE5AAAAINutn23BncicpwXkGkTgeFaRlZhVbqClxmZQM0kjXl1R root@ubuntu-xenial
ssh-rsa AAAAB3NzaC1yc2EAAAADAQABAAABAQDXcipKiTCKpNNRelX56tYGDTdwwGaak4Lq27Q6EMpS2bki7YP9PBFAC8B/nMCmQKeCsQ4Ggmbxcawb4hnrm4lurpZ6rhu7lIgVLU1gqsXVMMgm2epgBE8MBol0xFALP1To7M1EGF/tFSxLIjM+stYzLUlW9bvfvI2RniXnnA2glj4RpyVEEVViR286ps4ETTHd0cIg2LgYKRRPkc+D3yNQOGB/BYB+6eAuo6SWNVCtrVf4yXtwRSo9RajMhOSyvdz01ZZGUP+13xElHiFxkmxi2izmom43jYsHxKiF6WkNa3JCp9ikpPQvcRI9FQ937dE2WQ4DTSH+3O/StHCKCm// root@ubuntu-xenial
-----END SSH HOST KEY KEYS-----
[   23.982310] cloud-init[1968]: Cloud-init v. 21.1-19-gbad84ad4-0ubuntu1~16.04.2 running 'modules:final' at Wed, 18 Dec 2024 21:21:33 +0000. Up 23.89 seconds.
[   23.982449] cloud-init[1968]: ci-info: no authorized SSH keys fingerprints found for user ubuntu.
[   23.982616] cloud-init[1968]: Cloud-init v. 21.1-19-gbad84ad4-0ubuntu1~16.04.2 finished at Wed, 18 Dec 2024 21:21:33 +0000. Datasource DataSourceNoCloud [seed=/dev/sdb][dsmode=net].  Up 23.97 seconds
